{"numTotalTestSuites":72,"numPassedTestSuites":72,"numFailedTestSuites":0,"numPendingTestSuites":0,"numTotalTests":235,"numPassedTests":235,"numFailedTests":0,"numPendingTests":0,"numTodoTests":0,"startTime":1790222843949,"success":true,"testResults":[{"assertionResults":[{"ancestorTitles":["","AuthProvider password recovery lifecycle"],"fullName":" AuthProvider password recovery lifecycle validates recovery only after Supabase emits PASSWORD_RECOVERY","status":"passed","title":"validates recovery only after Supabase emits PASSWORD_RECOVERY","duration":112,"failureMessages":[]},{"ancestorTitles":["","AuthProvider password recovery lifecycle"],"fullName":" AuthProvider password recovery lifecycle invalidates a recovery query when the normal initial session event arrives","status":"passed","title":"invalidates a recovery query when the normal initial session event arrives","duration":23,"failureMessages":[]},{"ancestorTitles":["","AuthProvider password recovery lifecycle"],"fullName":" AuthProvider password recovery lifecycle signs out only the local recovery session when recovery is abandoned","status":"passed","title":"signs out only the local recovery session when recovery is abandoned","duration":21,"failureMessages":[]},{"ancestorTitles":["","AuthProvider password recovery lifecycle"],"fullName":" AuthProvider password recovery lifecycle immediately identifies an expired recovery callback","status":"passed","title":"immediately identifies an expired recovery callback","duration":6,"failureMessages":[]},{"ancestorTitles":["","AuthProvider password recovery lifecycle"],"fullName":" AuthProvider password recovery lifecycle rejects Supabase masked duplicate-email signup responses","status":"passed","title":"rejects Supabase masked duplicate-email signup responses","duration":27,"failureMessages":[]}],"startTime":1790222852435,"endTime":1790222852624,"status":"passed","message":"","name":"D:/itpassportweb/tests/contexts/AuthContext.test.tsx"},{"assertionResults":[{"ancestorTitles":[""],"fullName":" shows the active announcement in the selected language and allows dismissal","status":"passed","title":"shows the active announcement in the selected language and allows dismissal","duration":76,"failureMessages":[]},{"ancestorTitles":[""],"fullName":" does not allow an urgent announcement to be dismissed","status":"passed","title":"does not allow an urgent announcement to be dismissed","duration":10,"failureMessages":[]}],"startTime":1790222859939,"endTime":1790222860025,"status":"passed","message":"","name":"D:/itpassportweb/tests/components/AnnouncementBanner.test.tsx"},{"assertionResults":[{"ancestorTitles":["","Sidebar active state"],"fullName":" Sidebar active state highlights Admin and Settings routes like the main navigation items","status":"passed","title":"highlights Admin and Settings routes like the main navigation items","duration":126,"failureMessages":[]}],"startTime":1790222865333,"endTime":1790222865459,"status":"passed","message":"","name":"D:/itpassportweb/tests/components/Sidebar.test.tsx"},{"assertionResults":[{"ancestorTitles":["","ZoomableImagePreview"],"fullName":" ZoomableImagePreview zooms inside its fixed viewport and resets to 100%","status":"passed","title":"zooms inside its fixed viewport and resets to 100%","duration":99,"failureMessages":[]}],"startTime":1790222865439,"endTime":1790222865538,"status":"passed","message":"","name":"D:/itpassportweb/tests/components/ZoomableImagePreview.test.tsx"},{"assertionResults":[{"ancestorTitles":["","admin question filters"],"fullName":" admin question filters matches exact question numbers and exam years","status":"passed","title":"matches exact question numbers and exam years","duration":2,"failureMessages":[]},{"ancestorTitles":["","admin question filters"],"fullName":" admin question filters filters question and answer image presence independently","status":"passed","title":"filters question and answer image presence independently","duration":0,"failureMessages":[]}],"startTime":1790222860260,"endTime":1790222860262,"status":"passed","message":"","name":"D:/itpassportweb/tests/lib/adminQuestionFilters.test.ts"},{"assertionResults":[{"ancestorTitles":["","AI fallback and limits"],"fullName":" AI fallback and limits reports an unavailable remote service instead of returning a generic answer","status":"passed","title":"reports an unavailable remote service instead of returning a generic answer","duration":2,"failureMessages":[]},{"ancestorTitles":["","AI fallback and limits"],"fullName":" AI fallback and limits enforces per-user request limits","status":"passed","title":"enforces per-user request limits","duration":1,"failureMessages":[]},{"ancestorTitles":["","AI fallback and limits"],"fullName":" AI fallback and limits includes question images when requesting an explanation","status":"passed","title":"includes question images when requesting an explanation","duration":3,"failureMessages":[]}],"startTime":1790222859619,"endTime":1790222859625,"status":"passed","message":"","name":"D:/itpassportweb/tests/lib/aiChat.test.ts"},{"assertionResults":[{"ancestorTitles":["","AI chat handoff"],"fullName":" AI chat handoff transfers the practice question and explanation exactly once","status":"passed","title":"transfers the practice question and explanation exactly once","duration":1,"failureMessages":[]},{"ancestorTitles":["","AI chat handoff"],"fullName":" AI chat handoff discards malformed handoff data","status":"passed","title":"discards malformed handoff data","duration":0,"failureMessages":[]}],"startTime":1790222865957,"endTime":1790222865959,"status":"passed","message":"","name":"D:/itpassportweb/tests/lib/aiChatHandoff.test.ts"},{"assertionResults":[{"ancestorTitles":[""],"fullName":" uses the selected announcement language","status":"passed","title":"uses the selected announcement language","duration":1,"failureMessages":[]},{"ancestorTitles":[""],"fullName":" falls back to Japanese when a translation is empty","status":"passed","title":"falls back to Japanese when a translation is empty","duration":0,"failureMessages":[]}],"startTime":1790222865619,"endTime":1790222865621,"status":"passed","message":"","name":"D:/itpassportweb/tests/lib/announcements.test.ts"},{"assertionResults":[{"ancestorTitles":["","auth helpers"],"fullName":" auth helpers rejects empty, malformed, and expired tokens","status":"passed","title":"rejects empty, malformed, and expired tokens","duration":2,"failureMessages":[]},{"ancestorTitles":["","auth helpers"],"fullName":" auth helpers validates future-expiring tokens","status":"passed","title":"validates future-expiring tokens","duration":1,"failureMessages":[]},{"ancestorTitles":["","auth helpers"],"fullName":" auth helpers extracts token expiration and user id","status":"passed","title":"extracts token expiration and user id","duration":0,"failureMessages":[]},{"ancestorTitles":["","auth helpers"],"fullName":" auth helpers flags tokens that should be refreshed soon","status":"passed","title":"flags tokens that should be refreshed soon","duration":0,"failureMessages":[]}],"startTime":1790222865197,"endTime":1790222865200,"status":"passed","message":"","name":"D:/itpassportweb/tests/lib/auth.test.ts"},{"assertionResults":[{"ancestorTitles":["","dataService"],"fullName":" dataService fetches questions by category using the requested limit","status":"passed","title":"fetches questions by category using the requested limit","duration":5,"failureMessages":[]},{"ancestorTitles":["","dataService"],"fullName":" dataService uses empty arrays when list queries return no rows","status":"passed","title":"uses empty arrays when list queries return no rows","duration":3,"failureMessages":[]},{"ancestorTitles":["","dataService"],"fullName":" dataService fetches profile, session, result, history, category, schedule and statistics rows","status":"passed","title":"fetches profile, session, result, history, category, schedule and statistics rows","duration":2,"failureMessages":[]},{"ancestorTitles":["","dataService"],"fullName":" dataService returns null when a single row is absent","status":"passed","title":"returns null when a single row is absent","duration":1,"failureMessages":[]},{"ancestorTitles":["","dataService"],"fullName":" dataService saves answers, profile updates and chat messages","status":"passed","title":"saves answers, profile updates and chat messages","duration":3,"failureMessages":[]},{"ancestorTitles":["","dataService"],"fullName":" dataService fetches a question and batches question identifiers","status":"passed","title":"fetches a question and batches question identifiers","duration":2,"failureMessages":[]},{"ancestorTitles":["","dataService"],"fullName":" dataService skips Supabase when a question batch is empty","status":"passed","title":"skips Supabase when a question batch is empty","duration":0,"failureMessages":[]},{"ancestorTitles":["","dataService"],"fullName":" dataService deletes a practice session","status":"passed","title":"deletes a practice session","duration":0,"failureMessages":[]},{"ancestorTitles":["","dataService"],"fullName":" dataService normalizes failures from every Supabase operation","status":"passed","title":"normalizes failures from every Supabase operation","duration":7,"failureMessages":[]}],"startTime":1790222852416,"endTime":1790222852440,"status":"passed","message":"","name":"D:/itpassportweb/tests/lib/dataService.test.ts"},{"assertionResults":[{"ancestorTitles":["","error message extraction"],"fullName":" error message extraction reads Supabase-style error objects with useful details","status":"passed","title":"reads Supabase-style error objects with useful details","duration":1,"failureMessages":[]},{"ancestorTitles":["","error message extraction"],"fullName":" error message extraction supports Error, string, and fallback values","status":"passed","title":"supports Error, string, and fallback values","duration":0,"failureMessages":[]}],"startTime":1790222865923,"endTime":1790222865924,"status":"passed","message":"","name":"D:/itpassportweb/tests/lib/errorHandling.test.ts"},{"assertionResults":[{"ancestorTitles":["","Gemini overload retry"],"fullName":" Gemini overload retry retries 503 responses with bounded exponential delays","status":"passed","title":"retries 503 responses with bounded exponential delays","duration":3,"failureMessages":[]},{"ancestorTitles":["","Gemini overload retry"],"fullName":" Gemini overload retry returns the final 503 after the retry limit","status":"passed","title":"returns the final 503 after the retry limit","duration":1,"failureMessages":[]},{"ancestorTitles":["","Gemini overload retry"],"fullName":" Gemini overload retry does not retry a non-transient error","status":"passed","title":"does not retry a non-transient error","duration":0,"failureMessages":[]}],"startTime":1790222860833,"endTime":1790222860837,"status":"passed","message":"","name":"D:/itpassportweb/tests/lib/geminiRetry.test.ts"},{"assertionResults":[{"ancestorTitles":["","manual PDF image crops"],"fullName":" manual PDF image crops groups repeated crops by their question or choice target in selection order","status":"passed","title":"groups repeated crops by their question or choice target in selection order","duration":2,"failureMessages":[]}],"startTime":1790222865712,"endTime":1790222865714,"status":"passed","message":"","name":"D:/itpassportweb/tests/lib/manualImageCrop.test.ts"},{"assertionResults":[{"ancestorTitles":["","shared materials"],"fullName":" shared materials rejects unsupported, empty, and oversized files","status":"passed","title":"rejects unsupported, empty, and oversized files","duration":3,"failureMessages":[]},{"ancestorTitles":["","shared materials"],"fullName":" shared materials uploads the file to the material server with the user access token","status":"passed","title":"uploads the file to the material server with the user access token","duration":3,"failureMessages":[]},{"ancestorTitles":["","shared materials"],"fullName":" shared materials shows an error returned by the material server","status":"passed","title":"shows an error returned by the material server","duration":1,"failureMessages":[]},{"ancestorTitles":["","shared materials"],"fullName":" shared materials lists shared records and signs a download with its original name","status":"passed","title":"lists shared records and signs a download with its original name","duration":1,"failureMessages":[]},{"ancestorTitles":["","shared materials"],"fullName":" shared materials fetches files from the authenticated material download API","status":"passed","title":"fetches files from the authenticated material download API","duration":2,"failureMessages":[]},{"ancestorTitles":["","shared materials"],"fullName":" shared materials deletes a material through the authenticated material server","status":"passed","title":"deletes a material through the authenticated material server","duration":1,"failureMessages":[]}],"startTime":1790222852406,"endTime":1790222852417,"status":"passed","message":"","name":"D:/itpassportweb/tests/lib/materials.test.ts"},{"assertionResults":[{"ancestorTitles":["","mock exam settings"],"fullName":" mock exam settings accepts defaults and boundary values","status":"passed","title":"accepts defaults and boundary values","duration":2,"failureMessages":[]},{"ancestorTitles":["","mock exam settings"],"fullName":" mock exam settings rejects invalid settings: {\"question_count\":0}","status":"passed","title":"rejects invalid settings: {\"question_count\":0}","duration":0,"failureMessages":[]},{"ancestorTitles":["","mock exam settings"],"fullName":" mock exam settings rejects invalid settings: {\"question_count\":1001}","status":"passed","title":"rejects invalid settings: {\"question_count\":1001}","duration":0,"failureMessages":[]},{"ancestorTitles":["","mock exam settings"],"fullName":" mock exam settings rejects invalid settings: {\"question_count\":2.5}","status":"passed","title":"rejects invalid settings: {\"question_count\":2.5}","duration":0,"failureMessages":[]},{"ancestorTitles":["","mock exam settings"],"fullName":" mock exam settings rejects invalid settings: {\"duration_minutes\":0}","status":"passed","title":"rejects invalid settings: {\"duration_minutes\":0}","duration":0,"failureMessages":[]},{"ancestorTitles":["","mock exam settings"],"fullName":" mock exam settings rejects invalid settings: {\"duration_minutes\":1441}","status":"passed","title":"rejects invalid settings: {\"duration_minutes\":1441}","duration":0,"failureMessages":[]},{"ancestorTitles":["","mock exam settings"],"fullName":" mock exam settings rejects invalid settings: {\"duration_minutes\":null}","status":"passed","title":"rejects invalid settings: {\"duration_minutes\":null}","duration":1,"failureMessages":[]},{"ancestorTitles":["","mock exam settings"],"fullName":" mock exam settings rejects invalid settings: {\"passing_score_percent\":-1}","status":"passed","title":"rejects invalid settings: {\"passing_score_percent\":-1}","duration":0,"failureMessages":[]},{"ancestorTitles":["","mock exam settings"],"fullName":" mock exam settings rejects invalid settings: {\"passing_score_percent\":101}","status":"passed","title":"rejects invalid settings: {\"passing_score_percent\":101}","duration":0,"failureMessages":[]},{"ancestorTitles":["","mock exam settings"],"fullName":" mock exam settings rejects invalid settings: {\"passing_score_percent\":null}","status":"passed","title":"rejects invalid settings: {\"passing_score_percent\":null}","duration":0,"failureMessages":[]},{"ancestorTitles":["","mock exam settings"],"fullName":" mock exam settings uses the configured threshold without rounding a failing score up","status":"passed","title":"uses the configured threshold without rounding a failing score up","duration":0,"failureMessages":[]}],"startTime":1790222861006,"endTime":1790222861009,"status":"passed","message":"","name":"D:/itpassportweb/tests/lib/mockExamSettings.test.ts"},{"assertionResults":[{"ancestorTitles":["","background PDF import job"],"fullName":" background PDF import job keeps processing and retains the result after UI subscribers leave","status":"passed","title":"keeps processing and retains the result after UI subscribers leave","duration":3,"failureMessages":[]}],"startTime":1790222860874,"endTime":1790222860877,"status":"passed","message":"","name":"D:/itpassportweb/tests/lib/pdfImportJob.test.ts"},{"assertionResults":[{"ancestorTitles":["","PDF import JSON"],"fullName":" PDF import JSON round-trips reviewed questions without transient preview blobs","status":"passed","title":"round-trips reviewed questions without transient preview blobs","duration":4,"failureMessages":[]},{"ancestorTitles":["","PDF import JSON"],"fullName":" PDF import JSON rejects an unsupported schema","status":"passed","title":"rejects an unsupported schema","duration":1,"failureMessages":[]},{"ancestorTitles":["","PDF import JSON"],"fullName":" PDF import JSON keeps annual exams without an invented month","status":"passed","title":"keeps annual exams without an invented month","duration":0,"failureMessages":[]},{"ancestorTitles":["","PDF import JSON"],"fullName":" PDF import JSON requires embedded image data when keep_image is enabled","status":"passed","title":"requires embedded image data when keep_image is enabled","duration":1,"failureMessages":[]},{"ancestorTitles":["","PDF import JSON"],"fullName":" PDF import JSON continues to read version 1 archives","status":"passed","title":"continues to read version 1 archives","duration":0,"failureMessages":[]},{"ancestorTitles":["","PDF import JSON"],"fullName":" PDF import JSON accepts archives produced by the local AP scanner","status":"passed","title":"accepts archives produced by the local AP scanner","duration":0,"failureMessages":[]},{"ancestorTitles":["","PDF import JSON"],"fullName":" PDF import JSON round-trips embedded answer-choice images","status":"passed","title":"round-trips embedded answer-choice images","duration":0,"failureMessages":[]},{"ancestorTitles":["","PDF import JSON"],"fullName":" PDF import JSON continues to read version 2 archives without choice figures","status":"passed","title":"continues to read version 2 archives without choice figures","duration":1,"failureMessages":[]}],"startTime":1790222852226,"endTime":1790222852233,"status":"passed","message":"","name":"D:/itpassportweb/tests/lib/pdfImportJson.test.ts"},{"assertionResults":[{"ancestorTitles":["","PDF answer extraction"],"fullName":" PDF answer extraction preserves each row instead of overwriting it with the following row answers","status":"passed","title":"preserves each row instead of overwriting it with the following row answers","duration":3,"failureMessages":[]},{"ancestorTitles":["","PDF answer extraction"],"fullName":" PDF answer extraction does not borrow an answer from the next numbered row when an answer is missing","status":"passed","title":"does not borrow an answer from the next numbered row when an answer is missing","duration":0,"failureMessages":[]},{"ancestorTitles":["","PDF answer extraction"],"fullName":" PDF answer extraction extracts every answer from a multi-column searchable answer table","status":"passed","title":"extracts every answer from a multi-column searchable answer table","duration":0,"failureMessages":[]},{"ancestorTitles":["","PDF answer extraction"],"fullName":" PDF answer extraction normalizes full-width digits and accepts joined PDF text items","status":"passed","title":"normalizes full-width digits and accepts joined PDF text items","duration":1,"failureMessages":[]},{"ancestorTitles":["","PDF answer extraction"],"fullName":" PDF answer extraction maps labels beneath a multiple-column question-number row","status":"passed","title":"maps labels beneath a multiple-column question-number row","duration":0,"failureMessages":[]}],"startTime":1790222859460,"endTime":1790222859464,"status":"passed","message":"","name":"D:/itpassportweb/tests/lib/pdfQuestionImport.test.ts"},{"assertionResults":[{"ancestorTitles":["","createOnlineBattleRoom"],"fullName":" createOnlineBattleRoom rejects invalid wager -1 before calling Supabase","status":"passed","title":"rejects invalid wager -1 before calling Supabase","duration":3,"failureMessages":[]},{"ancestorTitles":["","createOnlineBattleRoom"],"fullName":" createOnlineBattleRoom rejects invalid wager 1.5 before calling Supabase","status":"passed","title":"rejects invalid wager 1.5 before calling Supabase","duration":0,"failureMessages":[]},{"ancestorTitles":["","createOnlineBattleRoom"],"fullName":" createOnlineBattleRoom rejects invalid wager NaN before calling Supabase","status":"passed","title":"rejects invalid wager NaN before calling Supabase","duration":0,"failureMessages":[]},{"ancestorTitles":["","createOnlineBattleRoom"],"fullName":" createOnlineBattleRoom allows a zero wager","status":"passed","title":"allows a zero wager","duration":1,"failureMessages":[]},{"ancestorTitles":["","createOnlineBattleRoom"],"fullName":" createOnlineBattleRoom surfaces an RPC failure without retrying the balance-changing operation","status":"passed","title":"surfaces an RPC failure without retrying the balance-changing operation","duration":1,"failureMessages":[]}],"startTime":1790222861375,"endTime":1790222861381,"status":"passed","message":"","name":"D:/itpassportweb/tests/lib/points.test.ts"},{"assertionResults":[{"ancestorTitles":["","practice data"],"fullName":" practice data restores the same questions and answers from a saved session without creating another session","status":"passed","title":"restores the same questions and answers from a saved session without creating another session","duration":7,"failureMessages":[]},{"ancestorTitles":["","practice data"],"fullName":" practice data only reads current-user history and keeps the newest answer across session batches","status":"passed","title":"only reads current-user history and keeps the newest answer across session batches","duration":2,"failureMessages":[]},{"ancestorTitles":["","practice data"],"fullName":" practice data combines the 2025-04 exam period with question type and subject filters","status":"passed","title":"combines the 2025-04 exam period with question type and subject filters","duration":0,"failureMessages":[]},{"ancestorTitles":["","practice data"],"fullName":" practice data combines the 2024-04 exam period with question type and subject filters","status":"passed","title":"combines the 2024-04 exam period with question type and subject filters","duration":0,"failureMessages":[]},{"ancestorTitles":["","practice data"],"fullName":" practice data combines the 2023-04 exam period with question type and subject filters","status":"passed","title":"combines the 2023-04 exam period with question type and subject filters","duration":1,"failureMessages":[]},{"ancestorTitles":["","practice data"],"fullName":" practice data lists each available exam period newest first","status":"passed","title":"lists each available exam period newest first","duration":0,"failureMessages":[]},{"ancestorTitles":["","practice data"],"fullName":" practice data filters questions without an exam year as uncategorized","status":"passed","title":"filters questions without an exam year as uncategorized","duration":1,"failureMessages":[]},{"ancestorTitles":["","practice data"],"fullName":" practice data handles a filter with no matching questions","status":"passed","title":"handles a filter with no matching questions","duration":0,"failureMessages":[]},{"ancestorTitles":["","practice data"],"fullName":" practice data retains plain-object Supabase error messages","status":"passed","title":"retains plain-object Supabase error messages","duration":0,"failureMessages":[]},{"ancestorTitles":[""],"fullName":" calculates progress from saved answers, including unfinished and older sessions","status":"passed","title":"calculates progress from saved answers, including unfinished and older sessions","duration":2,"failureMessages":[]}],"startTime":1790222852827,"endTime":1790222852841,"status":"passed","message":"","name":"D:/itpassportweb/tests/lib/practice.test.ts"},{"assertionResults":[{"ancestorTitles":["","question duplicate detection"],"fullName":" question duplicate detection normalizes case, width, line breaks, and spaces","status":"passed","title":"normalizes case, width, line breaks, and spaces","duration":1,"failureMessages":[]},{"ancestorTitles":["","question duplicate detection"],"fullName":" question duplicate detection detects duplicate text inside one import and in existing questions","status":"passed","title":"detects duplicate text inside one import and in existing questions","duration":0,"failureMessages":[]},{"ancestorTitles":["","question duplicate detection"],"fullName":" question duplicate detection allows a PDF source key to update itself but rejects the same text under another key","status":"passed","title":"allows a PDF source key to update itself but rejects the same text under another key","duration":1,"failureMessages":[]}],"startTime":1790222861176,"endTime":1790222861178,"status":"passed","message":"","name":"D:/itpassportweb/tests/lib/questionDuplicates.test.ts"},{"assertionResults":[{"ancestorTitles":["","question flags"],"fullName":" question flags creates, changes, filters, and removes a private question flag","status":"passed","title":"creates, changes, filters, and removes a private question flag","duration":3,"failureMessages":[]}],"startTime":1790222863145,"endTime":1790222863148,"status":"passed","message":"","name":"D:/itpassportweb/tests/lib/questionFlags.test.ts"},{"assertionResults":[{"ancestorTitles":["","question randomization"],"fullName":" question randomization shuffles a copy without changing the original order","status":"passed","title":"shuffles a copy without changing the original order","duration":2,"failureMessages":[]},{"ancestorTitles":["","question randomization"],"fullName":" question randomization preserves filtered practice order while randomizing other practice","status":"passed","title":"preserves filtered practice order while randomizing other practice","duration":1,"failureMessages":[]},{"ancestorTitles":["","question randomization"],"fullName":" question randomization persists the answer-choice preference","status":"passed","title":"persists the answer-choice preference","duration":0,"failureMessages":[]},{"ancestorTitles":["","question randomization"],"fullName":" question randomization keeps the configured order when answer randomization is off","status":"passed","title":"keeps the configured order when answer randomization is off","duration":1,"failureMessages":[]}],"startTime":1790222859643,"endTime":1790222859647,"status":"passed","message":"","name":"D:/itpassportweb/tests/lib/questionRandomization.test.ts"},{"assertionResults":[{"ancestorTitles":["","question subject detection"],"fullName":" question subject detection detects the official section for question 1","status":"passed","title":"detects the official section for question 1","duration":1,"failureMessages":[]},{"ancestorTitles":["","question subject detection"],"fullName":" question subject detection detects the official section for question 35","status":"passed","title":"detects the official section for question 35","duration":0,"failureMessages":[]},{"ancestorTitles":["","question subject detection"],"fullName":" question subject detection detects the official section for question 36","status":"passed","title":"detects the official section for question 36","duration":0,"failureMessages":[]},{"ancestorTitles":["","question subject detection"],"fullName":" question subject detection detects the official section for question 55","status":"passed","title":"detects the official section for question 55","duration":0,"failureMessages":[]},{"ancestorTitles":["","question subject detection"],"fullName":" question subject detection detects the official section for question 56","status":"passed","title":"detects the official section for question 56","duration":1,"failureMessages":[]},{"ancestorTitles":["","question subject detection"],"fullName":" question subject detection detects the official section for question 100","status":"passed","title":"detects the official section for question 100","duration":0,"failureMessages":[]},{"ancestorTitles":["","question subject detection"],"fullName":" question subject detection does not guess for nonstandard number 0","status":"passed","title":"does not guess for nonstandard number 0","duration":0,"failureMessages":[]},{"ancestorTitles":["","question subject detection"],"fullName":" question subject detection does not guess for nonstandard number 101","status":"passed","title":"does not guess for nonstandard number 101","duration":0,"failureMessages":[]},{"ancestorTitles":["","question subject detection"],"fullName":" question subject detection does not guess for nonstandard number 1.5","status":"passed","title":"does not guess for nonstandard number 1.5","duration":0,"failureMessages":[]},{"ancestorTitles":["","question subject detection"],"fullName":" question subject detection does not guess for nonstandard number NaN","status":"passed","title":"does not guess for nonstandard number NaN","duration":0,"failureMessages":[]},{"ancestorTitles":["","question subject detection"],"fullName":" question subject detection preserves an explicit valid subject instead of replacing it","status":"passed","title":"preserves an explicit valid subject instead of replacing it","duration":0,"failureMessages":[]},{"ancestorTitles":["","question subject detection"],"fullName":" question subject detection uses admin-defined IT Passport subject ranges","status":"passed","title":"uses admin-defined IT Passport subject ranges","duration":1,"failureMessages":[]},{"ancestorTitles":["","question subject detection"],"fullName":" question subject detection allows gaps as unassigned but rejects overlaps and invalid bounds","status":"passed","title":"allows gaps as unassigned but rejects overlaps and invalid bounds","duration":0,"failureMessages":[]},{"ancestorTitles":["","question subject detection"],"fullName":" question subject detection assigns every fundamental-a question to its exam subject","status":"passed","title":"assigns every fundamental-a question to its exam subject","duration":0,"failureMessages":[]},{"ancestorTitles":["","question subject detection"],"fullName":" question subject detection assigns every fundamental-a question to its exam subject","status":"passed","title":"assigns every fundamental-a question to its exam subject","duration":0,"failureMessages":[]},{"ancestorTitles":["","question subject detection"],"fullName":" question subject detection assigns every fundamental-b question to its exam subject","status":"passed","title":"assigns every fundamental-b question to its exam subject","duration":0,"failureMessages":[]},{"ancestorTitles":["","question subject detection"],"fullName":" question subject detection assigns every fundamental-b question to its exam subject","status":"passed","title":"assigns every fundamental-b question to its exam subject","duration":0,"failureMessages":[]},{"ancestorTitles":["","question subject detection"],"fullName":" question subject detection assigns every ap question to its exam subject","status":"passed","title":"assigns every ap question to its exam subject","duration":0,"failureMessages":[]},{"ancestorTitles":["","question subject detection"],"fullName":" question subject detection assigns every ap question to its exam subject","status":"passed","title":"assigns every ap question to its exam subject","duration":0,"failureMessages":[]},{"ancestorTitles":["","question subject detection"],"fullName":" question subject detection resolves Fundamental IT subjects only when they exist in the database","status":"passed","title":"resolves Fundamental IT subjects only when they exist in the database","duration":1,"failureMessages":[]},{"ancestorTitles":["","question subject detection"],"fullName":" question subject detection resolves the AP subject only when its migration has been applied","status":"passed","title":"resolves the AP subject only when its migration has been applied","duration":0,"failureMessages":[]},{"ancestorTitles":["","question subject detection"],"fullName":" question subject detection only returns subjects that exist in the current database","status":"passed","title":"only returns subjects that exist in the current database","duration":0,"failureMessages":[]}],"startTime":1790222852363,"endTime":1790222852367,"status":"passed","message":"","name":"D:/itpassportweb/tests/lib/questionSubject.test.ts"},{"assertionResults":[{"ancestorTitles":["","scanned PDF question detection"],"fullName":" scanned PDF question detection recognizes a section range as a non-question heading: 問1から問34までは、ストラテジ系の問題です。","status":"passed","title":"recognizes a section range as a non-question heading: 問1から問34までは、ストラテジ系の問題です。","duration":2,"failureMessages":[]},{"ancestorTitles":["","scanned PDF question detection"],"fullName":" scanned PDF question detection recognizes a section range as a non-question heading: 問 35 から 問 54 までは、マネジメント系の問題です。","status":"passed","title":"recognizes a section range as a non-question heading: 問 35 から 問 54 までは、マネジメント系の問題です。","duration":0,"failureMessages":[]},{"ancestorTitles":["","scanned PDF question detection"],"fullName":" scanned PDF question detection recognizes a section range as a non-question heading: 問55～問100までは、テクノロジ系の問題です。","status":"passed","title":"recognizes a section range as a non-question heading: 問55～問100までは、テクノロジ系の問題です。","duration":0,"failureMessages":[]},{"ancestorTitles":["","scanned PDF question detection"],"fullName":" scanned PDF question detection recognizes a section range as a non-question heading: 間55 - 100","status":"passed","title":"recognizes a section range as a non-question heading: 間55 - 100","duration":0,"failureMessages":[]},{"ancestorTitles":["","scanned PDF question detection"],"fullName":" scanned PDF question detection recognizes a section range as a non-question heading: 問 １ 〜 問 ３４ までは","status":"passed","title":"recognizes a section range as a non-question heading: 問 １ 〜 問 ３４ までは","duration":1,"failureMessages":[]},{"ancestorTitles":["","scanned PDF question detection"],"fullName":" scanned PDF question detection removes section dividers without shifting question numbers","status":"passed","title":"removes section dividers without shifting question numbers","duration":3,"failureMessages":[]},{"ancestorTitles":["","scanned PDF question detection"],"fullName":" scanned PDF question detection excludes a range heading split unusually across OCR lines","status":"passed","title":"excludes a range heading split unusually across OCR lines","duration":1,"failureMessages":[]},{"ancestorTitles":["","scanned PDF question detection"],"fullName":" scanned PDF question detection keeps a real question immediately after a complete section range heading","status":"passed","title":"keeps a real question immediately after a complete section range heading","duration":0,"failureMessages":[]},{"ancestorTitles":["","scanned PDF question detection"],"fullName":" scanned PDF question detection preserves two questions on one page in vertical order","status":"passed","title":"preserves two questions on one page in vertical order","duration":0,"failureMessages":[]},{"ancestorTitles":["","scanned PDF question detection"],"fullName":" scanned PDF question detection drops duplicate question headings and surfaces a warning","status":"passed","title":"drops duplicate question headings and surfaces a warning","duration":0,"failureMessages":[]},{"ancestorTitles":["","scanned PDF question detection"],"fullName":" scanned PDF question detection keeps detected numbers and warns when a question is missing","status":"passed","title":"keeps detected numbers and warns when a question is missing","duration":1,"failureMessages":[]},{"ancestorTitles":["","scanned PDF question detection"],"fullName":" scanned PDF question detection ignores a false-positive jump when the expected heading follows","status":"passed","title":"ignores a false-positive jump when the expected heading follows","duration":0,"failureMessages":[]},{"ancestorTitles":["","scanned PDF question detection"],"fullName":" scanned PDF question detection recovers when OCR reads each decade trailing zero as nine","status":"passed","title":"recovers when OCR reads each decade trailing zero as nine","duration":0,"failureMessages":[]},{"ancestorTitles":["","scanned PDF question detection"],"fullName":" scanned PDF question detection recovers the final question when OCR reads its trailing zero as nine","status":"passed","title":"recovers the final question when OCR reads its trailing zero as nine","duration":2,"failureMessages":[]},{"ancestorTitles":["","scanned PDF question detection"],"fullName":" scanned PDF question detection recovers question 100 when OCR reads it as 196","status":"passed","title":"recovers question 100 when OCR reads it as 196","duration":1,"failureMessages":[]},{"ancestorTitles":["","scanned PDF question detection"],"fullName":" scanned PDF question detection repairs forward OCR jumps without discarding the following headings","status":"passed","title":"repairs forward OCR jumps without discarding the following headings","duration":2,"failureMessages":[]},{"ancestorTitles":["","scanned PDF question detection"],"fullName":" scanned PDF question detection recovers the heading errors observed in the 2009 spring exam PDF","status":"passed","title":"recovers the heading errors observed in the 2009 spring exam PDF","duration":1,"failureMessages":[]},{"ancestorTitles":["","scanned PDF question detection"],"fullName":" scanned PDF question detection does not shift later crops when a question heading is genuinely missing","status":"passed","title":"does not shift later crops when a question heading is genuinely missing","duration":1,"failureMessages":[]},{"ancestorTitles":["","scanned PDF question detection"],"fullName":" scanned PDF question detection recovers question 36 from its section divider when OCR skips its heading","status":"passed","title":"recovers question 36 from its section divider when OCR skips its heading","duration":0,"failureMessages":[]},{"ancestorTitles":["","scanned PDF question detection"],"fullName":" scanned PDF question detection retries OCR on every page surrounding a missing question heading","status":"passed","title":"retries OCR on every page surrounding a missing question heading","duration":0,"failureMessages":[]},{"ancestorTitles":["","scanned PDF question detection"],"fullName":" scanned PDF question detection identifies every missing number from an expected 100-question exam","status":"passed","title":"identifies every missing number from an expected 100-question exam","duration":1,"failureMessages":[]},{"ancestorTitles":["","scanned PDF question detection"],"fullName":" scanned PDF question detection supports common OCR heading confusion and punctuation","status":"passed","title":"supports common OCR heading confusion and punctuation","duration":0,"failureMessages":[]},{"ancestorTitles":["","scanned PDF question detection"],"fullName":" scanned PDF question detection ignores question numbers outside the supported range","status":"passed","title":"ignores question numbers outside the supported range","duration":0,"failureMessages":[]},{"ancestorTitles":["","scanned PDF answer reconciliation"],"fullName":" scanned PDF answer reconciliation ignores page rules above and below the regularly spaced answer grid","status":"passed","title":"ignores page rules above and below the regularly spaced answer grid","duration":1,"failureMessages":[]},{"ancestorTitles":["","scanned PDF answer reconciliation"],"fullName":" scanned PDF answer reconciliation reads the printed question number instead of assigning answers by row position","status":"passed","title":"reads the printed question number instead of assigning answers by row position","duration":1,"failureMessages":[]},{"ancestorTitles":["","scanned PDF answer reconciliation"],"fullName":" scanned PDF answer reconciliation reports a missing expected answer even when an unrelated entry makes the sizes equal","status":"passed","title":"reports a missing expected answer even when an unrelated entry makes the sizes equal","duration":0,"failureMessages":[]},{"ancestorTitles":["","scanned PDF answer reconciliation"],"fullName":" scanned PDF answer reconciliation uses OCR only to complete missing expected answers","status":"passed","title":"uses OCR only to complete missing expected answers","duration":0,"failureMessages":[]},{"ancestorTitles":["","scanned PDF answer reconciliation"],"fullName":" scanned PDF answer reconciliation preserves a valid text-layer answer when OCR conflicts","status":"passed","title":"preserves a valid text-layer answer when OCR conflicts","duration":0,"failureMessages":[]},{"ancestorTitles":["","scanned PDF answer reconciliation"],"fullName":" scanned PDF answer reconciliation handles an empty searchable text layer","status":"passed","title":"handles an empty searchable text layer","duration":1,"failureMessages":[]},{"ancestorTitles":["","scanned question text extraction"],"fullName":" scanned question text extraction separates vertically stacked image choices by printed marker geometry","status":"passed","title":"separates vertically stacked image choices by printed marker geometry","duration":1,"failureMessages":[]},{"ancestorTitles":["","scanned question text extraction"],"fullName":" scanned question text extraction separates horizontally arranged diagram choices into columns","status":"passed","title":"separates horizontally arranged diagram choices into columns","duration":1,"failureMessages":[]},{"ancestorTitles":["","scanned question text extraction"],"fullName":" scanned question text extraction refuses ambiguous marker geometry instead of producing wrong images","status":"passed","title":"refuses ambiguous marker geometry instead of producing wrong images","duration":0,"failureMessages":[]},{"ancestorTitles":["","scanned question text extraction"],"fullName":" scanned question text extraction separates OCR question text and choices, including two choices on one line","status":"passed","title":"separates OCR question text and choices, including two choices on one line","duration":1,"failureMessages":[]},{"ancestorTitles":["","scanned question text extraction"],"fullName":" scanned question text extraction keeps wrapped choice text with the preceding choice","status":"passed","title":"keeps wrapped choice text with the preceding choice","duration":1,"failureMessages":[]},{"ancestorTitles":["","scanned question text extraction"],"fullName":" scanned question text extraction keeps diagrams while leaving complete text-only questions image-free","status":"passed","title":"keeps diagrams while leaving complete text-only questions image-free","duration":0,"failureMessages":[]},{"ancestorTitles":["","scanned question text extraction"],"fullName":" scanned question text extraction provides selectable labels when diagram choices have no readable text","status":"passed","title":"provides selectable labels when diagram choices have no readable text","duration":0,"failureMessages":[]}],"startTime":1790222852451,"endTime":1790222852475,"status":"passed","message":"","name":"D:/itpassportweb/tests/lib/scannedPdfQuestionImport.test.ts"},{"assertionResults":[{"ancestorTitles":["","useData hooks"],"fullName":" useData hooks loads data and retries a query","status":"passed","title":"loads data and retries a query","duration":101,"failureMessages":[]},{"ancestorTitles":["","useData hooks"],"fullName":" useData hooks exposes a normalized query error","status":"passed","title":"exposes a normalized query error","duration":61,"failureMessages":[]},{"ancestorTitles":["","useData hooks"],"fullName":" useData hooks executes successful and failed mutations","status":"passed","title":"executes successful and failed mutations","duration":5,"failureMessages":[]},{"ancestorTitles":["","useData hooks"],"fullName":" useData hooks debounces searches and clears data for blank input","status":"passed","title":"debounces searches and clears data for blank input","duration":148,"failureMessages":[]},{"ancestorTitles":["","useData hooks"],"fullName":" useData hooks exposes errors from a debounced search","status":"passed","title":"exposes errors from a debounced search","duration":76,"failureMessages":[]},{"ancestorTitles":["","useData hooks"],"fullName":" useData hooks manages independent loading and error state","status":"passed","title":"manages independent loading and error state","duration":2,"failureMessages":[]},{"ancestorTitles":["","useData hooks"],"fullName":" useData hooks runs success and error callbacks for async work","status":"passed","title":"runs success and error callbacks for async work","duration":154,"failureMessages":[]},{"ancestorTitles":["","useData hooks"],"fullName":" useData hooks ignores async completion after unmounting","status":"passed","title":"ignores async completion after unmounting","duration":2,"failureMessages":[]}],"startTime":1790222852416,"endTime":1790222852965,"status":"passed","message":"","name":"D:/itpassportweb/tests/hooks/useData.test.tsx"},{"assertionResults":[{"ancestorTitles":["","AIChatPage"],"fullName":" AIChatPage loads subjects, recent questions and persisted messages","status":"passed","title":"loads subjects, recent questions and persisted messages","duration":71,"failureMessages":[]},{"ancestorTitles":["","AIChatPage"],"fullName":" AIChatPage sends and persists user and assistant messages","status":"passed","title":"sends and persists user and assistant messages","duration":121,"failureMessages":[]},{"ancestorTitles":["","AIChatPage"],"fullName":" AIChatPage submits with Ctrl+Enter and starter prompts","status":"passed","title":"submits with Ctrl+Enter and starter prompts","duration":57,"failureMessages":[]},{"ancestorTitles":["","AIChatPage"],"fullName":" AIChatPage does not persist guest messages","status":"passed","title":"does not persist guest messages","duration":48,"failureMessages":[]},{"ancestorTitles":["","AIChatPage"],"fullName":" AIChatPage clears persisted history and restores the welcome message","status":"passed","title":"clears persisted history and restores the welcome message","duration":64,"failureMessages":[]},{"ancestorTitles":["","AIChatPage"],"fullName":" AIChatPage reports persistence and reset failures without breaking the chat","status":"passed","title":"reports persistence and reset failures without breaking the chat","duration":59,"failureMessages":[]}],"startTime":1790222852695,"endTime":1790222853115,"status":"passed","message":"","name":"D:/itpassportweb/tests/pages/AIChatPage.test.tsx"},{"assertionResults":[{"ancestorTitles":[""],"fullName":" shows the new announcement form only after opening its dropdown","status":"passed","title":"shows the new announcement form only after opening its dropdown","duration":102,"failureMessages":[]}],"startTime":1790222861408,"endTime":1790222861510,"status":"passed","message":"","name":"D:/itpassportweb/tests/pages/AnnouncementsTab.test.tsx"},{"assertionResults":[{"ancestorTitles":[""],"fullName":" shows rankings ordered by wins with battle correct answers as the tiebreak statistic","status":"passed","title":"shows rankings ordered by wins with battle correct answers as the tiebreak statistic","duration":147,"failureMessages":[]},{"ancestorTitles":["","battle recovery"],"fullName":" battle recovery persists timed-out questions and settles instead of waiting forever","status":"passed","title":"persists timed-out questions and settles instead of waiting forever","duration":125,"failureMessages":[]},{"ancestorTitles":["","battle recovery"],"fullName":" battle recovery allows retry after an answer submission fails","status":"passed","title":"allows retry after an answer submission fails","duration":77,"failureMessages":[]},{"ancestorTitles":["","battle recovery"],"fullName":" battle recovery resumes an already answered battle and settles it without another answer","status":"passed","title":"resumes an already answered battle and settles it without another answer","duration":57,"failureMessages":[]},{"ancestorTitles":["","battle recovery"],"fullName":" battle recovery retries settlement after a temporary failure","status":"passed","title":"retries settlement after a temporary failure","duration":42,"failureMessages":[]},{"ancestorTitles":["","battle recovery"],"fullName":" battle recovery starts a waiting room through polling without recreating its subscription","status":"passed","title":"starts a waiting room through polling without recreating its subscription","duration":40,"failureMessages":[]},{"ancestorTitles":[""],"fullName":" opens the room list without cancelling the waiting room","status":"passed","title":"opens the room list without cancelling the waiting room","duration":67,"failureMessages":[]},{"ancestorTitles":[""],"fullName":" sends the chosen question count and time when creating a room","status":"passed","title":"sends the chosen question count and time when creating a room","duration":62,"failureMessages":[]},{"ancestorTitles":[""],"fullName":" allows the wager to be cleared before entering a new value","status":"passed","title":"allows the wager to be cleared before entering a new value","duration":51,"failureMessages":[]},{"ancestorTitles":[""],"fullName":" accepts a zero wager","status":"passed","title":"accepts a zero wager","duration":41,"failureMessages":[]},{"ancestorTitles":[""],"fullName":" rejects an invalid wager of -1","status":"passed","title":"rejects an invalid wager of -1","duration":27,"failureMessages":[]},{"ancestorTitles":[""],"fullName":" rejects an invalid wager of 1.5","status":"passed","title":"rejects an invalid wager of 1.5","duration":35,"failureMessages":[]},{"ancestorTitles":[""],"fullName":" rejects a wager above the current balance with a clear message","status":"passed","title":"rejects a wager above the current balance with a clear message","duration":24,"failureMessages":[]},{"ancestorTitles":[""],"fullName":" guards concurrent create-room submissions","status":"passed","title":"guards concurrent create-room submissions","duration":28,"failureMessages":[]},{"ancestorTitles":[""],"fullName":" submits exactly one cancellation for repeated refund clicks","status":"passed","title":"submits exactly one cancellation for repeated refund clicks","duration":39,"failureMessages":[]},{"ancestorTitles":[""],"fullName":" uses the room time limit for the creator","status":"passed","title":"uses the room time limit for the creator","duration":32,"failureMessages":[]},{"ancestorTitles":[""],"fullName":" uses the room time limit for the opponent","status":"passed","title":"uses the room time limit for the opponent","duration":41,"failureMessages":[]},{"ancestorTitles":[""],"fullName":" shows battle point changes for a win","status":"passed","title":"shows battle point changes for a win","duration":26,"failureMessages":[]},{"ancestorTitles":[""],"fullName":" shows battle point changes for a loss","status":"passed","title":"shows battle point changes for a loss","duration":29,"failureMessages":[]},{"ancestorTitles":[""],"fullName":" shows battle point changes for a draw","status":"passed","title":"shows battle point changes for a draw","duration":31,"failureMessages":[]}],"startTime":1790222852552,"endTime":1790222853574,"status":"passed","message":"","name":"D:/itpassportweb/tests/pages/BattlePage.test.tsx"},{"assertionResults":[{"ancestorTitles":[""],"fullName":" reveals flag counts and starts all or one flag category on request","status":"passed","title":"reveals flag counts and starts all or one flag category on request","duration":115,"failureMessages":[]}],"startTime":1790222861023,"endTime":1790222861138,"status":"passed","message":"","name":"D:/itpassportweb/tests/pages/FlaggedQuestionsCard.test.tsx"},{"assertionResults":[{"ancestorTitles":[""],"fullName":" updates settings labels and existing errors while preserving edited values","status":"passed","title":"updates settings labels and existing errors while preserving edited values","duration":94,"failureMessages":[]},{"ancestorTitles":[""],"fullName":" translates parameterized errors while retaining values and unknown server diagnostics","status":"passed","title":"translates parameterized errors while retaining values and unknown server diagnostics","duration":2,"failureMessages":[]},{"ancestorTitles":[""],"fullName":" has translated entries and matching interpolation parameters for every new UI key","status":"passed","title":"has translated entries and matching interpolation parameters for every new UI key","duration":5,"failureMessages":[]}],"startTime":1790222859177,"endTime":1790222859278,"status":"passed","message":"","name":"D:/itpassportweb/tests/pages/LanguageSwitch.test.tsx"},{"assertionResults":[{"ancestorTitles":[""],"fullName":" keeps light mode after leaving login with saved theme null","status":"passed","title":"keeps light mode after leaving login with saved theme null","duration":55,"failureMessages":[]},{"ancestorTitles":[""],"fullName":" keeps light mode after leaving login with saved theme light","status":"passed","title":"keeps light mode after leaving login with saved theme light","duration":14,"failureMessages":[]},{"ancestorTitles":[""],"fullName":" restores an explicitly saved dark theme after leaving login","status":"passed","title":"restores an explicitly saved dark theme after leaving login","duration":16,"failureMessages":[]},{"ancestorTitles":[""],"fullName":" requests a password reset email from the login form","status":"passed","title":"requests a password reset email from the login form","duration":165,"failureMessages":[]},{"ancestorTitles":[""],"fullName":" updates the password only after a valid recovery event","status":"passed","title":"updates the password only after a valid recovery event","duration":62,"failureMessages":[]},{"ancestorTitles":[""],"fullName":" signs out the recovery session before returning to sign in","status":"passed","title":"signs out the recovery session before returning to sign in","duration":75,"failureMessages":[]},{"ancestorTitles":[""],"fullName":" does not trust a recovery query parameter by itself","status":"passed","title":"does not trust a recovery query parameter by itself","duration":28,"failureMessages":[]},{"ancestorTitles":[""],"fullName":" shows an invalid-link error and returns to sign-in","status":"passed","title":"shows an invalid-link error and returns to sign-in","duration":51,"failureMessages":[]},{"ancestorTitles":[""],"fullName":" rejects a password shorter than the minimum","status":"passed","title":"rejects a password shorter than the minimum","duration":59,"failureMessages":[]},{"ancestorTitles":[""],"fullName":" rejects a password confirmation mismatch","status":"passed","title":"rejects a password confirmation mismatch","duration":46,"failureMessages":[]},{"ancestorTitles":[""],"fullName":" shows a red already-registered error instead of a confirmation notice","status":"passed","title":"shows a red already-registered error instead of a confirmation notice","duration":71,"failureMessages":[]},{"ancestorTitles":[""],"fullName":" shows a localized error when updating the password fails","status":"passed","title":"shows a localized error when updating the password fails","duration":56,"failureMessages":[]},{"ancestorTitles":[""],"fullName":" cleans the recovery URL and redirects after a successful update","status":"passed","title":"cleans the recovery URL and redirects after a successful update","duration":60,"failureMessages":[]},{"ancestorTitles":[""],"fullName":" redirects a normal signed-in user away from a recovery URL","status":"passed","title":"redirects a normal signed-in user away from a recovery URL","duration":15,"failureMessages":[]}],"startTime":1790222852826,"endTime":1790222853599,"status":"passed","message":"","name":"D:/itpassportweb/tests/pages/LoginPage.test.tsx"},{"assertionResults":[{"ancestorTitles":[""],"fullName":" shows the material upload form only after opening its dropdown","status":"passed","title":"shows the material upload form only after opening its dropdown","duration":119,"failureMessages":[]}],"startTime":1790222860783,"endTime":1790222860902,"status":"passed","message":"","name":"D:/itpassportweb/tests/pages/MaterialsPage.test.tsx"},{"assertionResults":[{"ancestorTitles":[""],"fullName":" does not flash default settings while the configured settings are loading","status":"passed","title":"does not flash default settings while the configured settings are loading","duration":57,"failureMessages":[]},{"ancestorTitles":[""],"fullName":" uses the configured count, timer, and passing score and freezes settings during an attempt","status":"passed","title":"uses the configured count, timer, and passing score and freezes settings during an attempt","duration":202,"failureMessages":[]},{"ancestorTitles":[""],"fullName":" shows an actionable error when the question bank is too small","status":"passed","title":"shows an actionable error when the question bank is too small","duration":22,"failureMessages":[]}],"startTime":1790222852825,"endTime":1790222853106,"status":"passed","message":"","name":"D:/itpassportweb/tests/pages/MockExamPage.test.tsx"},{"assertionResults":[{"ancestorTitles":[""],"fullName":" continues at the next unanswered question after reloading, with no new session creation","status":"passed","title":"continues at the next unanswered question after reloading, with no new session creation","duration":69,"failureMessages":[]},{"ancestorTitles":[""],"fullName":" shows the source exam year and month while answering a dated question","status":"passed","title":"shows the source exam year and month while answering a dated question","duration":13,"failureMessages":[]},{"ancestorTitles":[""],"fullName":" keeps an answer retryable after a database failure and prevents duplicate clicks while saving","status":"passed","title":"keeps an answer retryable after a database failure and prevents duplicate clicks while saving","duration":184,"failureMessages":[]}],"startTime":1790222853186,"endTime":1790222853453,"status":"passed","message":"","name":"D:/itpassportweb/tests/pages/PracticeQuestionPage.test.tsx"},{"assertionResults":[{"ancestorTitles":[""],"fullName":" closes both admin question menus on outside clicks and Escape","status":"passed","title":"closes both admin question menus on outside clicks and Escape","duration":625,"failureMessages":[]},{"ancestorTitles":[""],"fullName":" expands and collapses the question search options","status":"passed","title":"expands and collapses the question search options","duration":244,"failureMessages":[]},{"ancestorTitles":[""],"fullName":" goes directly to a typed question-list page and clamps out-of-range pages","status":"passed","title":"goes directly to a typed question-list page and clamps out-of-range pages","duration":1132,"failureMessages":[]},{"ancestorTitles":[""],"fullName":" shows admin review status, shared message, and choice image controls in the question editor","status":"passed","title":"shows admin review status, shared message, and choice image controls in the question editor","duration":186,"failureMessages":[]},{"ancestorTitles":[""],"fullName":" shows only saved review and message indicators before expanding a question","status":"passed","title":"shows only saved review and message indicators before expanding a question","duration":65,"failureMessages":[]},{"ancestorTitles":[""],"fullName":" filters questions by their review status","status":"passed","title":"filters questions by their review status","duration":54,"failureMessages":[]}],"startTime":1790222853380,"endTime":1790222855686,"status":"passed","message":"","name":"D:/itpassportweb/tests/pages/QuestionsTabMenus.test.tsx"},{"assertionResults":[{"ancestorTitles":["","SettingsPage"],"fullName":" SettingsPage updates theme, randomization and language preferences","status":"passed","title":"updates theme, randomization and language preferences","duration":221,"failureMessages":[]},{"ancestorTitles":["","SettingsPage"],"fullName":" SettingsPage loads and saves an exam target","status":"passed","title":"loads and saves an exam target","duration":113,"failureMessages":[]},{"ancestorTitles":["","SettingsPage"],"fullName":" SettingsPage shows an error when saving an exam target fails","status":"passed","title":"shows an error when saving an exam target fails","duration":62,"failureMessages":[]},{"ancestorTitles":["","SettingsPage"],"fullName":" SettingsPage updates profile fields and avatar","status":"passed","title":"updates profile fields and avatar","duration":143,"failureMessages":[]},{"ancestorTitles":["","SettingsPage"],"fullName":" SettingsPage shows profile update failures","status":"passed","title":"shows profile update failures","duration":67,"failureMessages":[]},{"ancestorTitles":["","SettingsPage"],"fullName":" SettingsPage validates and successfully changes a password","status":"passed","title":"validates and successfully changes a password","duration":69,"failureMessages":[]},{"ancestorTitles":["","SettingsPage"],"fullName":" SettingsPage handles password verification and update failures","status":"passed","title":"handles password verification and update failures","duration":62,"failureMessages":[]},{"ancestorTitles":["","SettingsPage"],"fullName":" SettingsPage validates and submits account deletion","status":"passed","title":"validates and submits account deletion","duration":77,"failureMessages":[]},{"ancestorTitles":["","SettingsPage"],"fullName":" SettingsPage opens help answers and uses the correct back behavior","status":"passed","title":"opens help answers and uses the correct back behavior","duration":74,"failureMessages":[]}],"startTime":1790222852628,"endTime":1790222853517,"status":"passed","message":"","name":"D:/itpassportweb/tests/pages/SettingsPage.test.tsx"},{"assertionResults":[{"ancestorTitles":["","parseCsv"],"fullName":" parseCsv parses headers and rows","status":"passed","title":"parses headers and rows","duration":2,"failureMessages":[]},{"ancestorTitles":["","parseCsv"],"fullName":" parseCsv supports quoted commas, quotes, and CRLF line endings","status":"passed","title":"supports quoted commas, quotes, and CRLF line endings","duration":1,"failureMessages":[]},{"ancestorTitles":["","parseCsv"],"fullName":" parseCsv strips UTF-8 BOM from the first header","status":"passed","title":"strips UTF-8 BOM from the first header","duration":0,"failureMessages":[]},{"ancestorTitles":["","parseCsv"],"fullName":" parseCsv rejects malformed CSV","status":"passed","title":"rejects malformed CSV","duration":1,"failureMessages":[]}],"startTime":1790222865893,"endTime":1790222865897,"status":"passed","message":"","name":"D:/itpassportweb/tests/utils/csv.test.ts"},{"assertionResults":[{"ancestorTitles":["","localization utilities"],"fullName":" localization utilities interpolates translation parameters","status":"passed","title":"interpolates translation parameters","duration":1,"failureMessages":[]},{"ancestorTitles":["","localization utilities"],"fullName":" localization utilities recognizes supported languages","status":"passed","title":"recognizes supported languages","duration":1,"failureMessages":[]},{"ancestorTitles":["","localization utilities"],"fullName":" localization utilities selects localized explanations with base explanation fallback","status":"passed","title":"selects localized explanations with base explanation fallback","duration":0,"failureMessages":[]}],"startTime":1790222865348,"endTime":1790222865350,"status":"passed","message":"","name":"D:/itpassportweb/tests/utils/localization.test.ts"},{"assertionResults":[{"ancestorTitles":["","scoring utilities"],"fullName":" scoring utilities calculates rounded accuracy","status":"passed","title":"calculates rounded accuracy","duration":1,"failureMessages":[]},{"ancestorTitles":["","scoring utilities"],"fullName":" scoring utilities returns zero accuracy when no questions were answered","status":"passed","title":"returns zero accuracy when no questions were answered","duration":0,"failureMessages":[]},{"ancestorTitles":["","scoring utilities"],"fullName":" scoring utilities calculates point scores","status":"passed","title":"calculates point scores","duration":0,"failureMessages":[]},{"ancestorTitles":["","scoring utilities"],"fullName":" scoring utilities classifies accuracy bands","status":"passed","title":"classifies accuracy bands","duration":0,"failureMessages":[]}],"startTime":1790222865924,"endTime":1790222865925,"status":"passed","message":"","name":"D:/itpassportweb/tests/utils/scoring.test.ts"}]}